15:12:57.223 INFO - Selenium build info: version: '3.0.1', revision: '1969d75'
15:12:57.224 INFO - Launching a standalone Selenium Server
2017-01-12 15:12:57.253:INFO::main: Logging initialized @396ms
15:12:57.334 INFO - Driver class not found: com.opera.core.systems.OperaDriver
15:12:57.335 INFO - Driver provider com.opera.core.systems.OperaDriver registration is skipped:
Unable to create new instances on this machine.
15:12:57.335 INFO - Driver class not found: com.opera.core.systems.OperaDriver
15:12:57.335 INFO - Driver provider com.opera.core.systems.OperaDriver is not registered
15:12:57.343 INFO - Driver provider org.openqa.selenium.safari.SafariDriver registration is skipped:
 registration capabilities Capabilities [{browserName=safari, version=, platform=MAC}] does not match the current platform WIN10
2017-01-12 15:12:57.404:INFO:osjs.Server:main: jetty-9.2.15.v20160210
2017-01-12 15:12:57.456:INFO:osjsh.ContextHandler:main: Started o.s.j.s.ServletContextHandler@100fc185{/,null,AVAILABLE}
2017-01-12 15:12:57.748:INFO:osjs.ServerConnector:main: Started ServerConnector@26653222{HTTP/1.1}{0.0.0.0:4444}
2017-01-12 15:12:57.749:INFO:osjs.Server:main: Started @891ms
15:12:57.749 INFO - Selenium Server is up and running
15:12:58.236 INFO - SessionCleaner initialized with insideBrowserTimeout 0 and clientGoneTimeout 1800000 polling every 180000
15:12:58.278 INFO - Executing: [new session: Capabilities [{acceptSslCerts=true, name=Login PCP, browserName=chrome, javascriptEnabled=true, platform=ANY}]])
15:12:58.287 INFO - Creating a new session for Capabilities [{acceptSslCerts=true, name=Login PCP, browserName=chrome, javascriptEnabled=true, platform=ANY}]
Starting ChromeDriver 2.27.440174 (e97a722caafc2d3a8b807ee115bfb307f7d2cfd9) on port 16254
Only local connections are allowed.
15:12:59.695 INFO - Attempting bi-dialect session, assuming Postel's Law holds true on the remote end
15:13:05.123 INFO - Detected dialect: OSS
15:13:06.207 INFO - Done: [new session: Capabilities [{acceptSslCerts=true, name=Login PCP, browserName=chrome, javascriptEnabled=true, platform=ANY}]]
15:13:06.993 INFO - Executing: [get: https://stage-pcp.quartethealth.com/])
15:13:42.578 INFO - Done: [get: https://stage-pcp.quartethealth.com/]
15:13:42.641 INFO - Executing: [find elements: By.cssSelector: body])
15:13:42.778 INFO - Done: [find elements: By.cssSelector: body]
15:13:42.786 INFO - Executing: [is displayed: 0 [[ChromeDriver: chrome on XP (2f94aa1e8b6e47ad2401f438feff09d2)] -> css selector: body]])
15:13:42.900 INFO - Done: [is displayed: 0 [[ChromeDriver: chrome on XP (2f94aa1e8b6e47ad2401f438feff09d2)] -> css selector: body]]
15:13:52.919 INFO - Executing: [get title])
15:13:52.963 INFO - Done: [get title]
15:13:57.979 INFO - Executing: [delete session: 437bf1db-813e-4505-8be6-f97cb3209efe])
15:14:00.526 INFO - Done: [delete session: 437bf1db-813e-4505-8be6-f97cb3209efe]
